# JRE version: OpenJDK Runtime Environment Corretto-11.0.17.8.1 (11.0.17+8) (build 11.0.17+8-LTS)
# Java VM: OpenJDK 64-Bit Server VM Corretto-11.0.17.8.1 (11.0.17+8-LTS, mixed mode, tiered, compressed oops, g1 gc, linux-amd64)
Heap:
 garbage-first heap   total 863232K, used 51816K [0x0000000085400000, 0x0000000100000000)
  region size 1024K, 4 young (4096K), 4 survivors (4096K)
 Metaspace       used 45369K, capacity 47157K, committed 47312K, reserved 1091584K
  class space    used 5327K, capacity 6066K, committed 6100K, reserved 1048576K
GC Heap History (20 events):
Event: 8,734 GC heap after
{Heap after GC invocations=27 (full 0):
 garbage-first heap   total 239616K, used 24242K [0x0000000085400000, 0x0000000100000000)
  region size 1024K, 6 young (6144K), 6 survivors (6144K)
 Metaspace       used 45341K, capacity 47121K, committed 47312K, reserved 1091584K
  class space    used 5322K, capacity 6058K, committed 6100K, reserved 1048576K
}
Event: 9,040 GC heap before
{Heap before GC invocations=27 (full 0):
 garbage-first heap   total 239616K, used 163506K [0x0000000085400000, 0x0000000100000000)
  region size 1024K, 140 young (143360K), 6 survivors (6144K)
 Metaspace       used 45341K, capacity 47121K, committed 47312K, reserved 1091584K
  class space    used 5322K, capacity 6058K, committed 6100K, reserved 1048576K
}
Event: 9,046 GC heap after
{Heap after GC invocations=28 (full 0):
 garbage-first heap   total 239616K, used 24382K [0x0000000085400000, 0x0000000100000000)
  region size 1024K, 6 young (6144K), 6 survivors (6144K)
 Metaspace       used 45341K, capacity 47121K, committed 47312K, reserved 1091584K
  class space    used 5322K, capacity 6058K, committed 6100K, reserved 1048576K
}
Event: 9,321 GC heap before
{Heap before GC invocations=28 (full 0):
 garbage-first heap   total 239616K, used 161598K [0x0000000085400000, 0x0000000100000000)
  region size 1024K, 140 young (143360K), 6 survivors (6144K)
 Metaspace       used 45341K, capacity 47121K, committed 47312K, reserved 1091584K
  class space    used 5322K, capacity 6058K, committed 6100K, reserved 1048576K
}
Event: 9,325 GC heap after
{Heap after GC invocations=29 (full 0):
 garbage-first heap   total 239616K, used 24533K [0x0000000085400000, 0x0000000100000000)
  region size 1024K, 6 young (6144K), 6 survivors (6144K)
 Metaspace       used 45341K, capacity 47121K, committed 47312K, reserved 1091584K
  class space    used 5322K, capacity 6058K, committed 6100K, reserved 1048576K
}
Event: 9,604 GC heap before
{Heap before GC invocations=29 (full 0):
 garbage-first heap   total 239616K, used 163797K [0x0000000085400000, 0x0000000100000000)
  region size 1024K, 140 young (143360K), 6 survivors (6144K)
 Metaspace       used 45358K, capacity 47148K, committed 47312K, reserved 1091584K
  class space    used 5325K, capacity 6064K, committed 6100K, reserved 1048576K
}
Event: 9,611 GC heap after
{Heap after GC invocations=30 (full 0):
 garbage-first heap   total 239616K, used 25140K [0x0000000085400000, 0x0000000100000000)
  region size 1024K, 7 young (7168K), 7 survivors (7168K)
 Metaspace       used 45358K, capacity 47148K, committed 47312K, reserved 1091584K
  class space    used 5325K, capacity 6064K, committed 6100K, reserved 1048576K
}
Event: 9,854 GC heap before
{Heap before GC invocations=30 (full 0):
 garbage-first heap   total 239616K, used 161332K [0x0000000085400000, 0x0000000100000000)
  region size 1024K, 140 young (143360K), 7 survivors (7168K)
 Metaspace       used 45358K, capacity 47148K, committed 47312K, reserved 1091584K
  class space    used 5325K, capacity 6064K, committed 6100K, reserved 1048576K
}
Event: 9,858 GC heap after
{Heap after GC invocations=31 (full 0):
 garbage-first heap   total 239616K, used 24306K [0x0000000085400000, 0x0000000100000000)
  region size 1024K, 6 young (6144K), 6 survivors (6144K)
 Metaspace       used 45358K, capacity 47148K, committed 47312K, reserved 1091584K
  class space    used 5325K, capacity 6064K, committed 6100K, reserved 1048576K
}
Event: 10,117 GC heap before
{Heap before GC invocations=31 (full 0):
 garbage-first heap   total 239616K, used 163570K [0x0000000085400000, 0x0000000100000000)
  region size 1024K, 140 young (143360K), 6 survivors (6144K)
 Metaspace       used 45359K, capacity 47148K, committed 47312K, reserved 1091584K
  class space    used 5325K, capacity 6064K, committed 6100K, reserved 1048576K
}
Event: 10,138 GC heap after
{Heap after GC invocations=32 (full 0):
 garbage-first heap   total 239616K, used 24569K [0x0000000085400000, 0x0000000100000000)
  region size 1024K, 6 young (6144K), 6 survivors (6144K)
 Metaspace       used 45359K, capacity 47148K, committed 47312K, reserved 1091584K
  class space    used 5325K, capacity 6064K, committed 6100K, reserved 1048576K
}
Event: 10,531 GC heap before
{Heap before GC invocations=32 (full 0):
 garbage-first heap   total 239616K, used 163833K [0x0000000085400000, 0x0000000100000000)
  region size 1024K, 140 young (143360K), 6 survivors (6144K)
 Metaspace       used 45365K, capacity 47157K, committed 47312K, reserved 1091584K
  class space    used 5326K, capacity 6066K, committed 6100K, reserved 1048576K
}
Event: 10,548 GC heap after
{Heap after GC invocations=33 (full 0):
 garbage-first heap   total 287744K, used 30734K [0x0000000085400000, 0x0000000100000000)
  region size 1024K, 12 young (12288K), 12 survivors (12288K)
 Metaspace       used 45365K, capacity 47157K, committed 47312K, reserved 1091584K
  class space    used 5326K, capacity 6066K, committed 6100K, reserved 1048576K
}
Event: 11,086 GC heap before
{Heap before GC invocations=33 (full 0):
 garbage-first heap   total 287744K, used 190478K [0x0000000085400000, 0x0000000100000000)
  region size 1024K, 168 young (172032K), 12 survivors (12288K)
 Metaspace       used 45365K, capacity 47157K, committed 47312K, reserved 1091584K
  class space    used 5326K, capacity 6066K, committed 6100K, reserved 1048576K
}
Event: 11,175 GC heap after
{Heap after GC invocations=34 (full 0):
 garbage-first heap   total 287744K, used 25543K [0x0000000085400000, 0x0000000100000000)
  region size 1024K, 2 young (2048K), 2 survivors (2048K)
 Metaspace       used 45365K, capacity 47157K, committed 47312K, reserved 1091584K
  class space    used 5326K, capacity 6066K, committed 6100K, reserved 1048576K
}
Event: 11,726 GC heap before
{Heap before GC invocations=34 (full 0):
 garbage-first heap   total 287744K, used 195527K [0x0000000085400000, 0x0000000100000000)
  region size 1024K, 168 young (172032K), 2 survivors (2048K)
 Metaspace       used 45365K, capacity 47157K, committed 47312K, reserved 1091584K
  class space    used 5326K, capacity 6066K, committed 6100K, reserved 1048576K
}
Event: 12,039 GC heap after
{Heap after GC invocations=35 (full 0):
 garbage-first heap   total 287744K, used 36458K [0x0000000085400000, 0x0000000100000000)
  region size 1024K, 13 young (13312K), 13 survivors (13312K)
 Metaspace       used 45365K, capacity 47157K, committed 47312K, reserved 1091584K
  class space    used 5326K, capacity 6066K, committed 6100K, reserved 1048576K
}
Event: 12,654 GC heap before
{Heap before GC invocations=35 (full 0):
 garbage-first heap   total 287744K, used 195178K [0x0000000085400000, 0x0000000100000000)
  region size 1024K, 168 young (172032K), 13 survivors (13312K)
 Metaspace       used 45368K, capacity 47157K, committed 47312K, reserved 1091584K
  class space    used 5327K, capacity 6066K, committed 6100K, reserved 1048576K
}
Event: 13,579 GC heap after
{Heap after GC invocations=36 (full 0):
 garbage-first heap   total 287744K, used 47711K [0x0000000085400000, 0x0000000100000000)
  region size 1024K, 12 young (12288K), 12 survivors (12288K)
 Metaspace       used 45368K, capacity 47157K, committed 47312K, reserved 1091584K
  class space    used 5327K, capacity 6066K, committed 6100K, reserved 1048576K
}
Event: 14,124 GC heap before
{Heap before GC invocations=36 (full 0):
 garbage-first heap   total 287744K, used 64095K [0x0000000085400000, 0x0000000100000000)
  region size 1024K, 28 young (28672K), 12 survivors (12288K)
 Metaspace       used 45369K, capacity 47157K, committed 47312K, reserved 1091584K
  class space    used 5327K, capacity 6066K, committed 6100K, reserved 1048576K
}

